app/proguard-rules.pro
# Add project specific ProGuard rules here.
# You can control the set of applied configuration files using the
# proguardFiles setting in build.gradle.
#
# For more details, see
#   http://developer.android.com/guide/developing/tools/proguard.html

# If your project uses WebView with JS, uncomment the following
# and specify the fully qualified class name to the JavaScript interface
# class:
#-keepclassmembers class fqcn.of.javascript.interface.for.webview {
#   public *;
#}

# Uncomment this to preserve the line number information for
# debugging stack traces.
#-keepattributes SourceFile,LineNumberTable

# If you keep the line number information, uncomment this to
# hide the original source file name.
#-renamesourcefileattribute SourceFile

# 设置混淆的压缩比率 0 ~ 7
-optimizationpasses 5
# 混淆后类名都为小写   Aa aA
-dontusemixedcaseclassnames
# 指定不去忽略非公共库的类
-dontskipnonpubliclibraryclasses
#不做预校验的操作
-dontpreverify
# 混淆时不记录日志
-verbose
# 混淆采用的算法.
-optimizations !code/simplification/arithmetic,!field/*,!class/merging/*
#保留代码行号，方便异常信息的追踪
-keepattributes SourceFile,LineNumberTable
#dump文件列出apk包内所有class的内部结构
-dump class_files.txt
#seeds.txt文件列出未混淆的类和成员
-printseeds seeds.txt
#usage.txt文件列出从apk中删除的代码
-printusage unused.txt
#mapping文件列出混淆前后的映射
-printmapping mapping.txt
#保护注解
-keepattributes *Annotation*

-keepattributes *Annotation*, SourceFile, InnerClasses, LineNumberTable, Signature, EnclosingMethod
-optimizations !code/simplification/arithmetic,!field/*,!class/merging/*    #优化 混淆时采用的算法

-keep public class * extends android.app.Activity
-keep public class * extends android.app.Fragment
-keep public class * extends android.app.Application
-keep public class * extends android.app.Service
-keep public class * extends android.content.BroadcastReceiver
-keep public class * extends android.content.ContentProvider
-keep public class * extends android.app.backup.BackupAgentHelper
-keep public class * extends android.preference.Preference
-keep public class * extends android.view.View
#-keep public class com.android.vending.licensing.ILicensingService
-keep public class * extends android.support.annotation.*
-keep class android.support.v7.* { *; }    #过滤android.support.v7  注意这里v4还是v7要看gradle里面compile了那个扩展包
-keep interface android.support.constraint.* { *; }

#避免混淆所有native的方法,涉及到C、C++
-keepclasseswithmembernames class * {
    native <methods>;
}

-keepclassmembers class * extends android.app.Activity{
    public void *(android.view.View);
}

#避免混淆枚举类
-keepclassmembers enum * {
    public static **[] values();
    public static ** valueOf(java.lang.String);
}
#避免混淆自定义控件类的get/set方法和构造函数
#混淆保护自己项目的部分代码以及引用的第三方jar包library-end##################
-keep public class * extends android.view.View{
    *** get*();
    void set*(***);
    public <init>(android.content.Context);
    public <init>(android.content.Context, android.util.AttributeSet);
    public <init>(android.content.Context, android.util.AttributeSet, int);
}
#保持自定义控件类不被混淆
-keepclasseswithmembers class * {
    public <init>(android.content.Context, android.util.AttributeSet);
    public <init>(android.content.Context, android.util.AttributeSet, int);
}
#避免混淆序列化类
#-keep class * implements android.os.Parcelable {
#  public static final android.os.Parcelable$Creator<*>;
#}

#不混淆Serializable和它的实现子类、其成员变量
-keepclassmembers class * implements java.io.Serializable {
    static final long serialVersionUID;
    private static final java.io.ObjectStreamField[] serialPersistentFields;
    private void writeObject(java.io.ObjectOutputStream);
    private void readObject(java.io.ObjectInputStream);
    java.lang.Object writeReplace();
    java.lang.Object readResolve();
}

-keepclasseswithmembernames class * {     # 保持 native 方法不被混淆
    native <methods>;
}

-keepclasseswithmembers class * {         # 保持自定义控件类不被混淆
    public <init>(android.content.Context, android.util.AttributeSet);
}

-keepclasseswithmembers class * {         # 保持自定义控件类不被混淆
    public <init>(android.content.Context, android.util.AttributeSet, int);
}

-keepclasseswithmembers class * {
  public <init>(android.content.Context, android.util.AttributeSet, int, int);
}

#使用GSON、fastjson等框架时，所写的JSON对象类不混淆，否则无法将JSON解析成对应的对象
-keepclassmembers class * {
        public <init>(org.json.JSONObject);
}
#不混淆资源类
-keep class **.R$* {
 *;
}
-keepclassmembers class * {
    void *(**On*Event);
}

#避免混淆泛型 如果混淆报错建议关掉
-keepattributes Signature

-keep public class org.* {*;}

-keepclassmembers class * extends android.app.Activity { #保持类成员
   public void *(android.view.View);
}

-keepclassmembers class * extends android.content.Context {
  public void *(android.view.View);
  public void *(android.view.MenuItem);
}

#-libraryjars   libs/jar包名字.jar   #缺省proguard 会检查每一个引用是否正确，但是第三方库里面往往有些不会用到的类，没有正确引用。如果不配置的话，系统就会报错。
-dontwarn android.support.v4.**
-dontwarn android.os.**

#编译时关掉Log的打印，
-assumenosideeffects class android.util.Log {    #如果是自定义Log类，修改下面的包名
        public static *** d(...);
        public static *** e(...);
        public static *** i(...);
        public static *** v(...);
        public static *** println(...);
        public static *** w(...);
        public static *** wtf(...);
}

-keep class com.umeng.* {*;}

#---------------------------------3.第三方包-------------------------------
# for okhttp3
-dontwarn javax.annotation.Nullable
-dontwarn javax.annotation.ParametersAreNonnullByDefault
-dontwarn org.conscrypt.Conscrypt
-dontwarn okhttp3.internal.platform.*

#okhttp3
-dontwarn com.squareup.okhttp3.**
-keep class com.squareup.okhttp3.* { *;}
-dontwarn okio.**


#for joda time
-dontwarn org.joda.convert.FromString
-dontwarn org.joda.convert.ToString

#for retrofit
-dontwarn kotlin.Unit
-dontwarn org.codehaus.mojo.animal_sniffer.IgnoreJRERequirement
-dontwarn javax.annotation.concurrent.GuardedBy
-dontwarn javax.annotation.Nonnull
-dontwarn org.jetbrains.annotations.NotNull
-dontwarn kotlin.Metadata
-dontwarn kotlin.jvm.JvmName
-dontwarn javax.annotation.meta.TypeQualifierDefault
-dontwarn kotlin.jvm.internal.Intrinsics

#for smack
-dontwarn org.jivesoftware.smack.**
-keep class org.jivesoftware.smack.* { *;}
#----------------------------------------------------------------------------

#---------------------------------4.webview------------------------------------

#-keep class com.aograph.androidtest.testactivity.WebActvity.JavaScriptInterface { *; }#webview js

#-keepclassmembers class fqcn.of.javascript.interface.for.Webview {
#   public *;
#}
-keepclassmembers class * extends android.webkit.WebViewClient {
    public void *(android.webkit.WebView, java.lang.String, android.graphics.Bitmap);
    public boolean *(android.webkit.WebView, java.lang.String);
}
-keepclassmembers class * extends android.webkit.WebViewClient {
    public void *(android.webkit.WebView, java.lang.String);
}
#----------------------------------------------------------------------------

-keepclassmembers enum * {
    public static **[] values();
    public static ** valueOf(java.lang.String);
}

-keep public class com.aograph.androidtest.R$*{
    public static final int *;
}

-keep class android.os.* {*;}
-dontwarn android.os.**

-dontwarn com.aograph.*
-keep class com.aograph.* { *;}

# org.keplerproject.luajava
-keep class org.keplerproject.luajava.* { *; }
-dontwarn org.keplerproject.luajava.**