app/seeds.txt
com.aograph.androidtest.R$string: R$string()
com.aograph.androidtest.R$styleable: int Constraint_layout_constraintBottom_toBottomOf
com.aograph.androidtest.R$styleable: int AppCompatTheme_alertDialogButtonGroupStyle
com.aograph.androidtest.R$attr: int customNavigationLayout
com.aograph.androidtest.R$styleable: int AnimatedStateListDrawableCompat_android_variablePadding
com.aograph.androidtest.R$styleable: int LinearLayoutCompat_Layout_android_layout_gravity
com.aograph.androidtest.R$styleable: int TextAppearance_android_textColor
com.aograph.androidtest.R$styleable: int AppCompatTheme_windowMinWidthMinor
com.aograph.androidtest.R$styleable: int ConstraintLayout_placeholder_placeholder_emptyVisibility
com.aograph.androidtest.R$attr: int tintMode
com.aograph.androidtest.R$dimen: int tooltip_precise_anchor_extra_offset
com.aograph.androidtest.R$id: int action_mode_close_button
com.aograph.androidtest.R$id: int easeOut
com.aograph.androidtest.R$style: int Base_Animation_AppCompat_Dialog
com.aograph.androidtest.R$attr: int icon
com.aograph.androidtest.R$style: int RtlOverlay_DialogWindowTitle_AppCompat
com.aograph.androidtest.R$styleable: int ConstraintLayout_Layout_layout_constraintBottom_toBottomOf
com.aograph.androidtest.R$styleable: int CustomAttribute_customFloatValue
com.aograph.androidtest.R$style: int Base_Widget_AppCompat_Light_ActionBar_TabBar
com.aograph.androidtest.R$styleable: int AppCompatTheme_colorSwitchThumbNormal
com.aograph.androidtest.R$styleable: int Constraint_android_maxWidth
com.aograph.androidtest.R$styleable: int ConstraintLayout_Layout_android_paddingLeft
com.aograph.androidtest.R$style: int Widget_AppCompat_Spinner_Underlined
com.aograph.androidtest.R$attr: int flow_firstVerticalStyle
com.aograph.androidtest.R$id: int action_menu_divider
com.aograph.androidtest.R$styleable: int AppCompatTheme_actionBarSize
com.aograph.androidtest.R$styleable: int AppCompatTheme_switchStyle
com.aograph.androidtest.R$attr: int flow_horizontalStyle
com.aograph.androidtest.R$interpolator: int btn_checkbox_unchecked_mtrl_animation_interpolator_1
com.aograph.androidtest.R$styleable: int Transform_android_scaleX
com.aograph.androidtest.R$style: int Base_TextAppearance_AppCompat_Small
com.aograph.androidtest.R$id: int tag_accessibility_clickable_spans
com.aograph.androidtest.R$styleable: int AppCompatTheme_buttonStyleSmall
com.aograph.androidtest.R$styleable: int ImageFilterView_round
com.aograph.androidtest.R$attr: int radioButtonStyle
com.aograph.androidtest.R$style: int Platform_V21_AppCompat_Light
com.aograph.androidtest.R$color: int notification_action_color_filter
com.aograph.androidtest.R$id: int customPanel
com.aograph.androidtest.R$style: int Base_TextAppearance_AppCompat_Widget_Switch
com.aograph.androidtest.R$attr: int preserveIconSpacing
com.aograph.androidtest.R$color: int switch_thumb_material_dark
com.aograph.androidtest.R$styleable: int ActionBar_icon
com.aograph.androidtest.R$styleable: int KeyAttribute_android_rotationX
com.aograph.androidtest.R$dimen: int notification_main_column_padding_top
com.aograph.androidtest.R$anim: int btn_checkbox_to_unchecked_check_path_merged_animation
com.aograph.androidtest.R$styleable: int[] AnimatedStateListDrawableTransition
com.aograph.androidtest.R$style: int Widget_AppCompat_Light_ActionBar_Solid_Inverse
com.aograph.androidtest.R$styleable: int DrawerArrowToggle_gapBetweenBars
com.aograph.androidtest.R$styleable: int AppCompatTheme_windowActionBarOverlay
com.aograph.androidtest.R$styleable: int Toolbar_titleMargins
com.aograph.androidtest.R$styleable: int Constraint_layout_constraintStart_toStartOf
com.aograph.androidtest.R$attr: int defaultDuration
com.aograph.androidtest.R$attr: int listChoiceIndicatorSingleAnimated
com.aograph.androidtest.R$style: int Widget_AppCompat_Light_ActionBar_TabBar
com.aograph.androidtest.R$styleable: int Constraint_layout_constraintStart_toEndOf
com.aograph.androidtest.R$style: int Base_TextAppearance_AppCompat_SearchResult_Title
...
androidx.appcompat.R$attr: int actionBarTheme
androidx.constraintlayout.widget.R$dimen: int abc_text_size_title_material_toolbar
androidx.appcompat.R$attr: int isLightTheme
androidx.appcompat.R$styleable: int AppCompatTheme_autoCompleteTextViewStyle
androidx.core.R$id: int accessibility_custom_action_3
androidx.appcompat.widget.LinearLayoutCompat$LayoutParams: LinearLayoutCompat$LayoutParams(android.content.Context,android.util.AttributeSet)
androidx.appcompat.R$string: int search_menu_title
androidx.constraintlayout.helper.widget.Flow: void setPaddingLeft(int)
androidx.constraintlayout.widget.R$styleable: int KeyCycle_transitionEasing
androidx.loader.R$styleable: int FontFamilyFont_android_fontWeight
androidx.fragment.app.FragmentManagerViewModel
androidx.loader.R$styleable: int FontFamilyFont_android_ttcIndex
androidx.appcompat.widget.ActivityChooserView: void setInitialActivityCount(int)
androidx.constraintlayout.widget.R$style: int RtlOverlay_Widget_AppCompat_ActionBar_TitleItem
androidx.core.R$id: int icon
androidx.appcompat.R$styleable: int MenuGroup_android_orderInCategory
androidx.appcompat.app.AlertController$RecycleListView: AlertController$RecycleListView(android.content.Context)
androidx.constraintlayout.widget.R$attr: int flow_verticalGap
androidx.drawerlayout.R$dimen: int notification_big_circle_margin
androidx.constraintlayout.motion.widget.MotionLayout: void setTransition(int)
androidx.appcompat.R$styleable: int AlertDialog_buttonIconDimen
androidx.activity.R$id: int accessibility_custom_action_24
androidx.appcompat.R$styleable: int AppCompatTheme_android_windowIsFloating
androidx.vectordrawable.R$drawable: int notification_bg_low
androidx.appcompat.R$drawable: int abc_list_selector_background_transition_holo_dark
androidx.appcompat.R$styleable: int AppCompatTheme_textAppearanceListItemSecondary
androidx.fragment.R$id: int accessibility_custom_action_14
androidx.constraintlayout.solver.SolverVariable$Type: androidx.constraintlayout.solver.SolverVariable$Type[] values()
androidx.core.R$id: int accessibility_custom_action_27
androidx.constraintlayout.widget.R$anim: int btn_checkbox_to_unchecked_box_inner_merged_animation
androidx.constraintlayout.widget.R$styleable: int ConstraintSet_flow_maxElementsWrap
androidx.constraintlayout.widget.R$styleable: int SwitchCompat_android_textOff
androidx.appcompat.R$attr: int height
androidx.constraintlayout.widget.R$drawable: int abc_ic_clear_material
androidx.constraintlayout.widget.R$styleable: int Layout_android_layout_width
androidx.appcompat.R$dimen: int notification_action_text_size
androidx.appcompat.widget.AlertDialogLayout: AlertDialogLayout(android.content.Context)
androidx.vectordrawable.R$dimen: R$dimen()
androidx.constraintlayout.widget.R$attr: int layout_constraintHeight_default
androidx.constraintlayout.widget.R$styleable: int KeyCycle_waveOffset
androidx.constraintlayout.widget.R$styleable: int Toolbar_title
androidx.vectordrawable.R$dimen: int notification_small_icon_size_as_large
androidx.appcompat.R$id: int normal
androidx.appcompat.widget.AppCompatRadioButton: android.content.res.ColorStateList getSupportButtonTintList()
androidx.constraintlayout.widget.R$styleable: int OnSwipe_nestedScrollFlags
androidx.appcompat.R$styleable: int MenuView_android_itemTextAppearance
androidx.appcompat.widget.ActionMenuView: int getPopupTheme()
androidx.customview.R$drawable
androidx.constraintlayout.widget.R$attr: int indeterminateProgressStyle
androidx.constraintlayout.widget.Group: void setVisibility(int)
androidx.constraintlayout.utils.widget.ImageFilterButton: float getWarmth()
androidx.constraintlayout.widget.R$styleable: int Layout_layout_constraintBottom_toTopOf
androidx.constraintlayout.widget.R$style: int Base_ThemeOverlay_AppCompat_Light
androidx.appcompat.widget.SwitchCompat: boolean getSplitTrack()
androidx.activity.ImmLeaksCleaner
androidx.constraintlayout.widget.R$attr: int buttonBarButtonStyle