app/mapping.txt
# compiler: R8
# compiler_version: 2.0.88
# min_api: 14
# pg_map_id: dd026f6
# common_typos_disable
com.aograph.androidtest.BaseActivity -> com.aograph.androidtest.BaseActivity:
    1:1:void <init>():21:21 -> <init>
    1:2:void onPause():37:38 -> onPause
    1:2:void onResume():31:32 -> onResume
com.aograph.androidtest.Demo2Fragment -> com.aograph.androidtest.a:
    1:1:void <init>():21:21 -> <init>
    1:3:android.view.View onCreateView(android.view.LayoutInflater,android.view.ViewGroup,android.os.Bundle):26:28 -> e0
    4:4:android.view.View onCreateView(android.view.LayoutInflater,android.view.ViewGroup,android.os.Bundle):30:30 -> e0
    5:7:android.view.View onCreateView(android.view.LayoutInflater,android.view.ViewGroup,android.os.Bundle):62:64 -> e0
com.aograph.androidtest.Demo2Fragment$1 -> com.aograph.androidtest.a$a:
    com.aograph.androidtest.Demo2Fragment this$0 -> b
    1:1:void <init>(com.aograph.androidtest.Demo2Fragment):30:30 -> <init>
    1:2:void onClick(android.view.View):35:36 -> onClick
com.aograph.androidtest.Demo3Fragment -> com.aograph.androidtest.b:
    1:1:void <init>():21:21 -> <init>
    1:3:android.view.View onCreateView(android.view.LayoutInflater,android.view.ViewGroup,android.os.Bundle):26:28 -> e0
    4:4:android.view.View onCreateView(android.view.LayoutInflater,android.view.ViewGroup,android.os.Bundle):30:30 -> e0
    5:7:android.view.View onCreateView(android.view.LayoutInflater,android.view.ViewGroup,android.os.Bundle):62:64 -> e0
com.aograph.androidtest.Demo3Fragment$1 -> com.aograph.androidtest.b$a:
    com.aograph.androidtest.Demo3Fragment this$0 -> b
    1:1:void <init>(com.aograph.androidtest.Demo3Fragment):30:30 -> <init>
    1:2:void onClick(android.view.View):35:36 -> onClick
com.aograph.androidtest.Demo4Fragment -> com.aograph.androidtest.c:
    1:1:void <init>():21:21 -> <init>
    1:3:android.view.View onCreateView(android.view.LayoutInflater,android.view.ViewGroup,android.os.Bundle):26:28 -> e0
    4:4:android.view.View onCreateView(android.view.LayoutInflater,android.view.ViewGroup,android.os.Bundle):30:30 -> e0
    5:7:android.view.View onCreateView(android.view.LayoutInflater,android.view.ViewGroup,android.os.Bundle):62:64 -> e0
com.aograph.androidtest.Demo4Fragment$1 -> com.aograph.androidtest.c$a:
    com.aograph.androidtest.Demo4Fragment this$0 -> b
    1:1:void <init>(com.aograph.androidtest.Demo4Fragment):30:30 -> <init>
    1:2:void onClick(android.view.View):35:36 -> onClick
com.aograph.androidtest.DemoFragment -> com.aograph.androidtest.d:
    1:1:void <init>():21:21 -> <init>
    1:3:android.view.View onCreateView(android.view.LayoutInflater,android.view.ViewGroup,android.os.Bundle):26:28 -> e0
    4:4:android.view.View onCreateView(android.view.LayoutInflater,android.view.ViewGroup,android.os.Bundle):30:30 -> e0
    5:7:android.view.View onCreateView(android.view.LayoutInflater,android.view.ViewGroup,android.os.Bundle):62:64 -> e0
com.aograph.androidtest.DemoFragment$1 -> com.aograph.androidtest.d$a:
    com.aograph.androidtest.DemoFragment this$0 -> b
    1:1:void <init>(com.aograph.androidtest.DemoFragment):30:30 -> <init>
    1:2:void onClick(android.view.View):35:36 -> onClick
com.aograph.androidtest.MainActivity -> com.aograph.androidtest.MainActivity:
    1:1:void <clinit>():22:22 -> <clinit>
    1:1:void <init>():21:21 -> <init>
    1:2:void onBackPressed():60:61 -> onBackPressed
    1:2:void onClick(android.view.View):42:43 -> onClick
    1:5:void onCreate(android.os.Bundle):32:36 -> onCreate
    1:1:void onDestroy():54:54 -> onDestroy
    1:1:void onStart():49:49 -> onStart
com.aograph.androidtest.MyApplication -> com.aograph.androidtest.MyApplication:
    1:1:void <init>():7:7 -> <init>
    1:2:void onCreate():11:12 -> onCreate
...
androidx.appcompat.app.ResourcesFlusher -> androidx.appcompat.app.g:
    java.lang.reflect.Field sResourcesImplField -> g
    java.lang.reflect.Field sThemedResourceCache_mUnthemedEntriesField -> e
    boolean sThemedResourceCache_mUnthemedEntriesFieldFetched -> f
    boolean sResourcesImplFieldFetched -> h
    java.lang.reflect.Field sDrawableCacheField -> a
    boolean sDrawableCacheFieldFetched -> b
    java.lang.Class sThemedResourceCacheClazz -> c
    boolean sThemedResourceCacheClazzFetched -> d
    1:1:void flush(android.content.res.Resources):46:46 -> a
    2:2:void flush(android.content.res.Resources):50:50 -> a
    3:3:void flush(android.content.res.Resources):52:52 -> a
    4:4:void flush(android.content.res.Resources):54:54 -> a
    1:1:void flushLollipops(android.content.res.Resources):60:60 -> b
    2:3:void flushLollipops(android.content.res.Resources):62:63 -> b
    4:4:void flushLollipops(android.content.res.Resources):67:67 -> b
    5:5:void flushLollipops(android.content.res.Resources):69:69 -> b
    6:6:void flushLollipops(android.content.res.Resources):72:72 -> b
    7:7:void flushLollipops(android.content.res.Resources):77:77 -> b
    1:1:void flushMarshmallows(android.content.res.Resources):84:84 -> c
    2:3:void flushMarshmallows(android.content.res.Resources):86:87 -> c
    4:4:void flushMarshmallows(android.content.res.Resources):91:91 -> c
    5:5:void flushMarshmallows(android.content.res.Resources):95:95 -> c
androidx.appcompat.app.TwilightCalculator -> androidx.appcompat.app.h:
    long sunrise -> b
    long sunset -> a
    androidx.appcompat.app.TwilightCalculator sInstance -> d
    int state -> c
    1:1:void <init>():26:26 -> <init>
    1:2:void calculateTwilight(long,double,double):95:96 -> a
    3:5:void calculateTwilight(long,double,double):103:105 -> a
    6:6:void calculateTwilight(long,double,double):108:108 -> a
    7:8:void calculateTwilight(long,double,double):112:113 -> a
    9:11:void calculateTwilight(long,double,double):117:119 -> a
    12:14:void calculateTwilight(long,double,double):122:124 -> a
    15:15:void calculateTwilight(long,double,double):128:128 -> a
    16:17:void calculateTwilight(long,double,double):130:131 -> a
    18:19:void calculateTwilight(long,double,double):133:134 -> a
    20:20:void calculateTwilight(long,double,double):136:136 -> a
    1:2:androidx.appcompat.app.TwilightCalculator getInstance():31:32 -> b
    3:3:androidx.appcompat.app.TwilightCalculator getInstance():34:34 -> b
androidx.appcompat.app.TwilightManager -> androidx.appcompat.app.i:
    android.content.Context mContext -> a
    androidx.appcompat.app.TwilightManager sInstance -> d
    androidx.appcompat.app.TwilightManager$TwilightState mTwilightState -> c
    android.location.LocationManager mLocationManager -> b
    1:1:void <init>(android.content.Context,android.location.LocationManager):69:69 -> <init>
    2:2:void <init>(android.content.Context,android.location.LocationManager):66:66 -> <init>
    3:4:void <init>(android.content.Context,android.location.LocationManager):70:71 -> <init>
    1:4:androidx.appcompat.app.TwilightManager getInstance(android.content.Context):50:53 -> a
    5:5:androidx.appcompat.app.TwilightManager getInstance(android.content.Context):55:55 -> a
    1:1:android.location.Location getLastKnownLocation():110:110 -> b
    2:2:android.location.Location getLastKnownLocation():113:113 -> b
    3:3:android.location.Location getLastKnownLocation():116:116 -> b
    4:4:android.location.Location getLastKnownLocation():119:119 -> b
    5:5:android.location.Location getLastKnownLocation():124:124 -> b
    1:2:android.location.Location getLastKnownLocationForProvider(java.lang.String):134:135 -> c
    1:1:boolean isNight():80:80 -> d
    2:2:boolean isNight():82:82 -> d
    3:3:boolean isNight():84:84 -> d
    4:4:boolean isNight():88:88 -> d
    5:6:boolean isNight():90:91 -> d
    7:8:boolean isNight():100:101 -> d
    1:1:boolean isStateValid():144:144 -> e