app/unused.txt
com.aograph.androidtest.BuildConfig
com.aograph.androidtest.R
com.aograph.androidtest.DemoFragment:
    private java.lang.String getRandom()
com.aograph.androidtest.CouponEntity
com.aograph.androidtest.MainActivity:
    android.widget.EditText edit_phone
com.aograph.androidtest.Demo4Fragment:
    private java.lang.String getRandom()
com.aograph.androidtest.TabActivity:
    private void requestPermissions()
com.aograph.androidtest.Demo2Fragment:
    private java.lang.String getRandom()
com.aograph.androidtest.testactivity.TestActivity1:
    private java.lang.String goods_id
com.aograph.androidtest.BaseActivity:
    private int getPhoneType()
    private boolean hasCamera()
    private void isBluetooth()
    private boolean isHook()
    private static final int PHONE_TYPE_CMCC
    private static final int PHONE_TYPE_UNICOM
    private static final int PHONE_TYPE_CDMA
com.aograph.androidtest.Demo3Fragment:
    private java.lang.String getRandom()
com.aograph.androidtest.testactivity.TestActivity2$1:
    final synthetic com.aograph.androidtest.testactivity.TestActivity2 this$0
com.aograph.androidtest.MainActivity:
    android.widget.TextView textView1
    java.lang.String txt
    private static final java.lang.String TAG
com.aograph.androidtest.testactivity.WebActvity$1:
    final synthetic com.aograph.androidtest.testactivity.WebActvity this$0
com.aograph.androidtest.testactivity.WebActvity$2:
    final synthetic com.aograph.androidtest.testactivity.WebActvity this$0
com.aograph.androidtest.testactivity.TestActivity1:
    private android.widget.EditText edit_version
    private android.widget.EditText edit_type
    private android.widget.EditText edit_json
    private int version
...
androidx.appcompat.widget.AbsActionBarView:
    void <init>(android.content.Context)
    public void animateToVisibility(int)
    public boolean showOverflowMenu()
    public void postShowOverflowMenu()
    public boolean hideOverflowMenu()
    public boolean isOverflowMenuShowing()
    public boolean isOverflowMenuShowPending()
    public boolean isOverflowReserved()
    public boolean canShowOverflowMenu()
    public void dismissPopupMenus()
    private static final int FADE_DURATION
androidx.annotation.ColorLong
androidx.core.app.NotificationCompat$StreamType
com.umeng.commonsdk.proguard.ak:
    private void <init>()
    public com.umeng.commonsdk.proguard.ay C()
    public abstract void a(com.umeng.commonsdk.proguard.ai)
    public abstract void a()
    public abstract void a(com.umeng.commonsdk.proguard.ao)
    public abstract void g()
    public abstract void a(boolean)
    public abstract void a(byte)
    public abstract void a(short)
    public abstract void a(double)
    public abstract com.umeng.commonsdk.proguard.ai h()
    public abstract void i()
androidx.constraintlayout.solver.widgets.analyzer.GuidelineReference:
    void reset()
androidx.core.view.LayoutInflaterCompat:
    private void <init>()
    public static void setFactory(android.view.LayoutInflater,androidx.core.view.LayoutInflaterFactory)
    public static androidx.core.view.LayoutInflaterFactory getFactory(android.view.LayoutInflater)
    private static final java.lang.String TAG
androidx.appcompat.widget.SwitchCompat:
    private static final int THUMB_ANIMATION_DURATION
    private static final int TOUCH_MODE_IDLE
    private static final int TOUCH_MODE_DOWN
    private static final int TOUCH_MODE_DRAGGING
    private static final java.lang.String ACCESSIBILITY_EVENT_CLASS_NAME
    private static final int SANS
    private static final int SERIF
    private static final int MONOSPACE
androidx.core.view.MotionEventCompat
androidx.core.view.NestedScrollingChildHelper:
    public boolean hasNestedScrollingParent()
    public boolean startNestedScroll(int)
    public void stopNestedScroll()
    public boolean dispatchNestedScroll(int,int,int,int,int[],int)
    public boolean dispatchNestedPreScroll(int,int,int[],int[])
    public void onDetachedFromWindow()
    public void onStopNestedScroll(android.view.View)
androidx.constraintlayout.solver.widgets.analyzer.BaselineDimensionDependency:
    public void update(androidx.constraintlayout.solver.widgets.analyzer.DependencyNode)
androidx.core.view.DragAndDropPermissionsCompat
androidx.appcompat.view.StandaloneActionMode:
    public void onCloseMenu(androidx.appcompat.view.menu.MenuBuilder,boolean)
    public boolean onSubMenuSelected(androidx.appcompat.view.menu.SubMenuBuilder)
    public void onCloseSubMenu(androidx.appcompat.view.menu.SubMenuBuilder)
    public boolean isUiFocusable()
androidx.core.os.MessageCompat
androidx.core.provider.FontsContractCompat$4$5
androidx.core.content.ContextCompat$LegacyServiceMapHolder
androidx.fragment.app.FragmentManagerImpl$5:
    final synthetic androidx.fragment.app.FragmentManagerImpl this$0
com.umeng.commonsdk.statistics.common.ReportPolicy$ReportDaily:
    private com.umeng.commonsdk.statistics.internal.StatTracer mTracer